2021-07-21 16:40:36	Full name: Test Test	Email: test@test.test	Phone: +380984655445	Country: ua	URL: everyonebuy.ru.com
2021-07-22 10:15:32	Full name: Test Test	Email: test@test.test	Phone: +380986454545	Country: ua	URL: crackmax.ru.com
2021-07-22 10:52:26	Full name: test test	Email: test@test.test	Phone: +380635687954	Country: ua	URL: crackmax.ru.com
2021-07-26 18:58:59	Full name: Test Test	Email: goosha7778@gmail.com	Phone: +380993075120	Country: ua	URL: crackmax.ru.com
2021-07-26 20:08:50	Full name: Виталий колотов	Email: 01slepoy01@gmail.com	Phone: +79529844322	Country: ru	URL: crackmax.ru.com
2021-07-26 21:56:32	Full name: Алексей Ушаков	Email: Lecha-ushakov@yandex.ru	Phone: +79260354885	Country: ru	URL: crackmax.ru.com
2021-07-26 22:43:55	Full name: Евгений Плотников	Email: vorkyta.plotnikov@yandex.ru	Phone: +79517669798	Country: ru	URL: crackmax.ru.com
2021-07-27 01:00:12	Full name: Анарбек Байрамалиев	Email: anarbek.apple001@mail.ru	Phone: +79964725963	Country: ru	URL: crackmax.ru.com
2021-07-27 06:58:22	Full name: Андрей Ульянов	Email: ulianovandrij36@gmail.com	Phone: +79015317579	Country: ru	URL: crackmax.ru.com
2021-07-27 07:11:21	Full name: Сергей Батагов	Email: s.batagov@mail.ru	Phone: +79889530222	Country: ru	URL: crackmax.ru.com
2021-07-27 08:24:49	Full name: Сибирбек Чарду	Email: sibacardu@gmail.com	Phone: +79232072324	Country: ru	URL: crackmax.ru.com
2021-07-27 08:35:04	Full name: Галина Глуханюк	Email: galinagluhanuk@35gmail.com	Phone: +79994432136	Country: ru	URL: crackmax.ru.com
2021-07-27 08:50:34	Full name: Шаген Айрикян	Email: KIPESH777@BK.RU	Phone: +79911118889	Country: ru	URL: crackmax.ru.com
2021-07-27 08:52:28	Full name: Екатерина Екатерина	Email: katerina.gav.1989@yandex.ru	Phone: +79041412014	Country: ru	URL: crackmax.ru.com
2021-07-27 08:56:58	Full name: Елена Лучкина	Email: elevluch@mail.ru	Phone: +79030367329	Country: ru	URL: crackmax.ru.com
2021-07-27 09:42:24	Full name: Ольга Земзюлина	Email: zemzulina09091982@icloud.com	Phone: +79092363200	Country: ru	URL: crackmax.ru.com
2021-07-27 09:46:15	Full name: Аксана Белоус	Email: belous.aksana71@mail.ru	Phone: +79233586498	Country: ru	URL: crackmax.ru.com
2021-07-27 09:58:22	Full name: Евгений Городецкий	Email: zgorodeckij@mail.ru	Phone: +79261758603	Country: ru	URL: crackmax.ru.com
2021-07-27 10:03:09	Full name: Избасар Балгабеков	Email: izbasar@gmail.com	Phone: +79878805656	Country: ru	URL: crackmax.ru.com
2021-07-27 10:04:01	Full name: Иван Лазукин	Email: lazukin.ivan1988@gmail.com	Phone: +79287632099	Country: ru	URL: crackmax.ru.com
2021-07-27 10:05:34	Full name: Александр Ситнев	Email: sitnev.aleksandr@list.ru	Phone: +79279212856	Country: ru	URL: crackmax.ru.com
2021-07-27 10:05:40	Full name: Артём Ильин	Email: artembumbum3@gmail.com	Phone: +79173902291	Country: ru	URL: crackmax.ru.com
2021-07-27 10:08:55	Full name: Александр Поляков	Email: salmano88255@gmail.com	Phone: +79504329770	Country: ru	URL: crackmax.ru.com
2021-07-27 10:11:31	Full name: Кристина Кристина	Email: kristinaandreeva0529@gmail.com	Phone: +79991769594	Country: ru	URL: crackmax.ru.com
2021-07-27 10:14:02	Full name: Наиля Кудабаева	Email: kudabaevvil2@mail.ru	Phone: +79378339153	Country: ru	URL: crackmax.ru.com
2021-07-27 10:36:41	Full name: Евгений Тимочкин	Email: honorje39@gmail.com	Phone: +79501195038	Country: ru	URL: crackmax.ru.com
2021-07-27 11:02:49	Full name: Роллан Алдын Херел	Email: rollan.aldynkherel@bk.ru	Phone: +79955509389	Country: ru	URL: crackmax.ru.com
2021-07-27 11:11:37	Full name: Вадим Доронин	Email: vadimdoronin1989@gmail.com	Phone: +79049899489	Country: ru	URL: crackmax.ru.com
2021-07-27 11:46:46	Full name: Расим Везиров	Email: rasimkka@inbox.ru	Phone: +79509075040	Country: ru	URL: crackmax.ru.com
2021-07-27 11:48:36	Full name: Ренат Харисов	Email: 9675122255@inbox.ru	Phone: +79675122255	Country: ru	URL: crackmax.ru.com
2021-08-06 13:03:23	Full name: Test Test	Email: test@test.test	Phone: +380986544545	Country: ua	URL: bailoutlay.ru.com
2021-08-12 12:37:06	Full name: Test Test	Email: test@test.test	Phone: +380984654545	Country: ua	URL: 4scompanyskin.ru.com
2021-09-07 10:57:08	Full name: Tara Bimba	Email: oisdfiosdjf@gmail.com	Phone: +33601946576	Country: fr	URL: test.com
2021-09-07 11:06:22	Full name: Taras Bimba	Email: weof0iweoiweoiwe@gmail.com	Phone: +33689876547	Country: fr	URL: test.com
2021-09-07 11:08:23	Full name: Taras Bimba	Email: weof0iweoiweoiwe@gmail.com	Phone: +33689876547	Country: fr	URL: test.com
2021-09-07 11:08:30	Full name: Taras Bimba	Email: weof0iweoiweoiwe@gmail.com	Phone: +33689876547	Country: fr	URL: test.com
2021-09-07 11:12:13	Full name: Taras Bimba	Email: weof0iweoiweoiwe@gmail.com	Phone: +33689876547	Country: fr	URL: test.com
2021-09-07 11:13:44	Full name: Taras Bimba	Email: weof0iweoiweoiwe@gmail.com	Phone: +33689876547	Country: fr	URL: test.com
2021-09-07 11:14:43	Full name: Taras Bimba	Email: weof0iweoiweoiwe@gmail.com	Phone: +33689876547	Country: fr	URL: test.com
2021-09-07 11:17:15	Full name: Taras Bimba	Email: weof0iweoiweoiwe@gmail.com	Phone: +33689876547	Country: fr	URL: test.com
2021-09-07 11:20:37	Full name: Taras Bimba	Email: weof0iweoiweoiwe@gmail.com	Phone: +33689876547	Country: fr	URL: test.com
2021-09-07 11:25:05	Full name: Taras Bimba	Email: weof0iweoiweoiwe@gmail.com	Phone: +33689876547	Country: fr	URL: test.com
2021-09-07 11:29:32	Full name: Taras Bimba	Email: weof0iweoiweoiwe@gmail.com	Phone: +33689876547	Country: fr	URL: test.com
2021-09-07 11:59:10	Full name: Taras Bimba	Email: weof0iweoiweoiwe@gmail.com	Phone: +33689876547	Country: fr	URL: test.com
2021-09-07 12:01:47	Full name: Aboba Kaoidnaoi	Email: oiqwndqwodi@gmail.com	Phone: +33678576586	Country: fr	URL: test.com
2021-09-07 15:12:55	Full name: qwdqwd qwdqwd	Email: qwdqwd@gmail.com	Phone: +33654545434	Country: fr	URL: test.com
